<?xml version="1.0" encoding="UTF-8"?>
<testsuite name="MainTest" tests="4" skipped="0" failures="0" errors="0" timestamp="2020-05-05T05:36:48" hostname="haruna-otanoMacBook-puro.local" time="0.016">
  <properties/>
  <testcase name="PrintWord[0]" classname="MainTest" time="0.014"/>
  <testcase name="PrintWord[1]" classname="MainTest" time="0.0"/>
  <testcase name="PrintWord[2]" classname="MainTest" time="0.001"/>
  <testcase name="PrintWord[3]" classname="MainTest" time="0.0"/>
  <system-out><![CDATA[]]></system-out>
  <system-err><![CDATA[]]></system-err>
</testsuite>
