<?xml version="1.0" encoding="UTF-8"?>
<testsuite name="print.VerticalTest" tests="1" skipped="0" failures="0" errors="0" timestamp="2020-05-05T05:36:48" hostname="haruna-otanoMacBook-puro.local" time="0.086">
  <properties/>
  <testcase name="Print" classname="print.VerticalTest" time="0.086"/>
  <system-out><![CDATA[]]></system-out>
  <system-err><![CDATA[]]></system-err>
</testsuite>
